### ISSUE TITLE
[BUG - Experimental] Reproducible crash during level transition (FCallbackGarbageCollector) - MechWarrior 5: Clans, UE 5.5.4

### ISSUE THREAD

**Issue by zfedaykin-create** [UE4SS-RE/RE-UE4SS#1385]
**Game:** MechWarrior 5: Clans (Steam)
**Engine version:** 5.5.4-0+UE5 (confirmed via CrashContext.runtime-xml `<EngineVersion>`)
**UE4SS builds tested:** experimental `UE4SS_v3.0.1-1026-g4063b982` (2026-08-15) and `UE4SS_v3.0.1-1028-gd7e7826d` (2026-08-19) - both crash identically
**Install method:** dwmapi.dll proxy, dropped into `MW5Clans/Binaries/Win64/` alongside `MechWarrior-Win64-Shipping.exe`

## Summary

The game crashes with `EXCEPTION_ACCESS_VIOLATION reading address 0x0000000000000008` during the transition from the opening cinematic to the main menu, roughly 14-30 seconds after "Event loop start". This is fully reproducible (100% of launches) and happens even with every custom/optional mod disabled.

Notably, UE4SS's own reflection and hooking DOES work correctly before the crash - `RegisterHook` on `/Script/Engine.PlayerController:ClientRestart` (from a Lua mod) successfully registers and fires, so the pattern scanner, GUObjectArray, and hook trampoline are all functioning. The crash happens shortly after, right after two `[FCallbackGarbageCollector] Freed invalid callbacks!` log lines.

## What I ruled out

- **Not caused by a custom mod**: reproduced identically with only stock/default mods enabled (ConsoleCommandsMod, ConsoleEnablerMod, BPModLoaderMod, BPML_GenericFunctions, Keybinds) and our own test mod fully disabled in mods.txt.
- **Not `bUseUObjectArrayCache`**: tried both `true` (default) and `false` - identical crash either way.
- **Not `HookInitGameState`**: tried both `1` (default) and `0` - identical crash either way.
- **Not commit-specific**: reproduced across two experimental builds five days apart (1026 and 1028), with near-identical UE4SS-internal offsets and byte-for-byte identical `MechWarrior-Win64-Shipping` offsets in the crash call stack.

## Crash details (build 1028, gd7e7826d)

```
ErrorMessage: Unhandled Exception: EXCEPTION_ACCESS_VIOLATION reading address 0x0000000000000008
Crashing thread: GameThread

PCallStack:
UE4SS                       + 0x25664a
UE4SS                       + 0x3d89cd
MechWarrior-Win64-Shipping  + 0x42d07f6
UE4SS                       + 0x3d85e5
MechWarrior-Win64-Shipping  + 0x4c0d3f7
MechWarrior-Win64-Shipping  + 0x4bfc1dc
MechWarrior-Win64-Shipping  + 0x4c10bba
MechWarrior-Win64-Shipping  + 0x4c118d0
MechWarrior-Win64-Shipping  + 0x4c119bb
MechWarrior-Win64-Shipping  + 0x8947e2a
KERNEL32                    + 0x2ccb7
```

Build 1026 (g4063b982) crash stack for comparison (UE4SS offsets shift slightly with the build, `MechWarrior-Win64-Shipping` offsets are identical):

```
UE4SS                       + 0x2565aa
UE4SS                       + 0x3d821d
MechWarrior-Win64-Shipping  + 0x42d07f6
UE4SS                       + 0x3d7e35
MechWarrior-Win64-Shipping  + 0x4c0d3f7
MechWarrior-Win64-Shipping  + 0x4bfc1dc
MechWarrior-Win64-Shipping  + 0x4c10bba
MechWarrior-Win64-Shipping  + 0x4c118d0
MechWarrior-Win64-Shipping  + 0x4c119bb
MechWarrior-Win64-Shipping  + 0x8947e2a
KERNEL32                    + 0x2ccb7
```

## UE4SS.log tail before crash (build 1028)

```
[NotifyOnNewObject] Registered notification for /Script/Engine.PlayerController
...
Starting mods (from enabled.txt (...), no defined load order)...
Event loop start
[Lua] [MechShakerProbe] ClientRestart fired - engine UFunction hook works
[FCallbackGarbageCollector] Freed invalid callbacks!
[FCallbackGarbageCollector] Freed invalid callbacks!
<crash>
```

## Precise crash analysis (WinDbg `!analyze -v` / `.ecxr` on `UEMinidump.dmp`, build 1026)

```
AV.Dereference: NullClassPtr
AV.Fault: Read
Attempt to read from address 0000000000000008

rax=00000172a537e9a0 rbx=0000002fb657e970 rcx=0000002fb657e970
rdx=0000000000000000 rsi=00000172a537e9a0 rdi=0000000000000000
rip=00007ff9544c65aa rsp=0000002fb657e820 rbp=0000002fb657e980
 r8=0000000000000000  r9=0000000000000001 r10=00007ff6e893ae00
r11=0000000000000000 r12=0000016fe4d73b20 r13=00000172cdb5e3e0
r14=0000000000000001 r15=0000000000000000

UE4SS+0x2565aa:
00007ff9`544c65aa 48637208        movsxd  rsi,dword ptr [rdx+8] ds:00000000`00000008=????????
00007ff9`544c65ae 488b2a          mov     rbp,qword ptr [rdx]
00007ff9`544c65b1 897108          mov     dword ptr [rcx+8],esi
00007ff9`544c65b4 85f6            test    esi,esi
00007ff9`544c65b6 741c            je      UE4SS+0x2565d4
00007ff9`544c65b8 4533c0          xor     r8d,r8d
00007ff9`544c65bb 8bd6            mov     edx,esi
00007ff9`544c65bd e8de73fbff      call    UE4SS+0x20d9a0
00007ff9`544c65c2 4c8bc6          mov     r8,rsi
00007ff9`544c65c5 4d03c0          add     r8,r8
00007ff9`544c65c8 488bd5          mov     rdx,rbp
00007ff9`544c65cb 488b0b          mov     rcx,qword ptr [rbx]
00007ff9`544c65ce e86b957100      call    UE4SS+0x96fb3e
00007ff9`544c65d3 90              nop
00007ff9`544c65d4 488d7310        lea     rsi,[rbx+10h]
00007ff9`544c65d8 4889742468      mov     qword ptr [rsp+68h],rsi
00007ff9`544c65dd 4c893e          mov     qword ptr [rsi],r15
00007ff9`544c65e0 4c897e08        mov     qword ptr [rsi+8],r15
00007ff9`544c65e4 48636f18        movsxd  rbp,dword ptr [rdi+18h]
00007ff9`544c65e8 4c8b7710        mov     r14,qword ptr [rdi+10h]
```

`rdx` is a hard NULL (not a dangling/garbage pointer - literally `0x0`), and `rdi` (used a few instructions later for the exact same pattern) is also NULL. The code shape - read a dword at `+8` (movsxd → length), read a qword at `+0` (pointer), then call something at `UE4SS+0x96fb3e` with `size*2` (byte count for a 2-byte-per-char string) - matches copying two `FString`/`TArray<TCHAR>`-style `{Data*, ArrayNum, ArrayMax}` structures into a destination struct (two fields 0x10 bytes apart, `[rbx+0]` then `[rbx+0x10]`).

This lines up with the "Freed invalid callbacks!" log message immediately preceding the crash: it looks like the code is trying to build/log a name (or two names) belonging to a callback entry that has already been invalidated (its associated object pointer(s) already null), without checking for null before dereferencing. I wasn't able to pin this down to an exact source location - `FCallbackGarbageCollector` doesn't appear in `UE4SS-RE/RE-UE4SS` proper, and the `deps/first/Unreal` (UEPseudo) submodule that likely contains it returns a 404 for me (private repo), so I couldn't go further without help from someone with access.

## Additional context

- The **stable** `v3.0.1` release fails much earlier and differently: the pattern scanner cannot find `EngineVersion`, `GUObjectArray`, or `FText::FText(FString&&)` and times out after ~30s/100+ attempts ("Fatal Error: PS scan timed out"). Setting `[EngineVersionOverride]` to `5`/`5` in `UE4SS-settings.ini` did not help the stable build find these signatures. Switching to an experimental build fixed the GUObjectArray/EngineVersion detection entirely (these were found immediately, member offsets dumped successfully) - so this part is likely already covered by the fix referenced in #879. This new crash only appears once past that point.
- Happy to test further builds, provide the full `CrashContext.runtime-xml` / `UEMinidump.dmp`, or run a debug build with logging if that would help narrow this down.

**OS:** Windows 11 (25H2) [10.0.26200]
**CPU:** AMD Ryzen 7 9800X3D
**GPU:** NVIDIA GeForce RTX 5080

**Comment by Glmour** [comment]
The stock-mods run still had ConsoleEnablerMod on, and it is the only thing in the stock set that invalidates a callback: it hooks PlayerController:ClientRestart and calls UnregisterHook on that same hook from inside the callback (assets/Mods/ConsoleEnablerMod/Scripts/main.lua). Since #1010 (merged 2025-09, so in both your builds) that no longer erases the entry, it marks it unregistered and it gets cleaned up later. Your log order is ClientRestart fires, then two "Freed invalid callbacks!" lines, then the fault. I can't see FCallbackGarbageCollector either, but the sequence fits.

Two runs: stock set with only ConsoleEnablerMod set to 0, then mods.txt fully emptied. If the first survives the transition, the trigger is that self-unregister and the bug is in whatever frees the marked entries. If only the empty run survives, it's something else in the stock set.
